# JRE version: Java(TM) SE Runtime Environment 18.9 (11.0.14+8) (build 11.0.14+8-LTS-263)
# Java VM: Java HotSpot(TM) 64-Bit Server VM 18.9 (11.0.14+8-LTS-263, mixed mode, tiered, compressed oops, g1 gc, windows-amd64)
Heap:
 garbage-first heap   total 177152K, used 64235K [0x0000000081c00000, 0x0000000100000000)
  region size 1024K, 39 young (39936K), 5 survivors (5120K)
 Metaspace       used 34654K, capacity 35457K, committed 35632K, reserved 1081344K
  class space    used 3630K, capacity 3877K, committed 3968K, reserved 1048576K
GC Heap History (10 events):
Event: 3.283 GC heap before
{Heap before GC invocations=1 (full 0):
 garbage-first heap   total 131072K, used 77829K [0x0000000081c00000, 0x0000000100000000)
  region size 1024K, 76 young (77824K), 2 survivors (2048K)
 Metaspace       used 20857K, capacity 21138K, committed 21296K, reserved 1069056K
  class space    used 2208K, capacity 2327K, committed 2432K, reserved 1048576K
}
Event: 3.304 GC heap after
{Heap after GC invocations=2 (full 0):
 garbage-first heap   total 131072K, used 8562K [0x0000000081c00000, 0x0000000100000000)
  region size 1024K, 8 young (8192K), 8 survivors (8192K)
 Metaspace       used 20857K, capacity 21138K, committed 21296K, reserved 1069056K
  class space    used 2208K, capacity 2327K, committed 2432K, reserved 1048576K
}
Event: 3.618 GC heap before
{Heap before GC invocations=3 (full 0):
 garbage-first heap   total 131072K, used 22898K [0x0000000081c00000, 0x0000000100000000)
  region size 1024K, 22 young (22528K), 8 survivors (8192K)
 Metaspace       used 21175K, capacity 21559K, committed 21808K, reserved 1069056K
  class space    used 2231K, capacity 2359K, committed 2432K, reserved 1048576K
}
Event: 3.631 GC heap after
{Heap after GC invocations=4 (full 0):
 garbage-first heap   total 131072K, used 10313K [0x0000000081c00000, 0x0000000100000000)
  region size 1024K, 2 young (2048K), 2 survivors (2048K)
 Metaspace       used 21175K, capacity 21559K, committed 21808K, reserved 1069056K
  class space    used 2231K, capacity 2359K, committed 2432K, reserved 1048576K
}
Event: 4.829 GC heap before
{Heap before GC invocations=4 (full 0):
 garbage-first heap   total 131072K, used 114761K [0x0000000081c00000, 0x0000000100000000)
  region size 1024K, 57 young (58368K), 2 survivors (2048K)
 Metaspace       used 22950K, capacity 23342K, committed 23472K, reserved 1071104K
  class space    used 2366K, capacity 2504K, committed 2560K, reserved 1048576K
}
Event: 4.838 GC heap after
{Heap after GC invocations=5 (full 0):
 garbage-first heap   total 131072K, used 12722K [0x0000000081c00000, 0x0000000100000000)
  region size 1024K, 5 young (5120K), 5 survivors (5120K)
 Metaspace       used 22950K, capacity 23342K, committed 23472K, reserved 1071104K
  class space    used 2366K, capacity 2504K, committed 2560K, reserved 1048576K
}
Event: 7.732 GC heap before
{Heap before GC invocations=6 (full 0):
 garbage-first heap   total 131072K, used 129458K [0x0000000081c00000, 0x0000000100000000)
  region size 1024K, 71 young (72704K), 5 survivors (5120K)
 Metaspace       used 31577K, capacity 32253K, committed 32432K, reserved 1079296K
  class space    used 3337K, capacity 3552K, committed 3584K, reserved 1048576K
}
Event: 7.749 GC heap after
{Heap after GC invocations=7 (full 0):
 garbage-first heap   total 147456K, used 24898K [0x0000000081c00000, 0x0000000100000000)
  region size 1024K, 10 young (10240K), 10 survivors (10240K)
 Metaspace       used 31577K, capacity 32253K, committed 32432K, reserved 1079296K
  class space    used 3337K, capacity 3552K, committed 3584K, reserved 1048576K
}
Event: 9.550 GC heap before
{Heap before GC invocations=7 (full 0):
 garbage-first heap   total 147456K, used 96578K [0x0000000081c00000, 0x0000000100000000)
  region size 1024K, 80 young (81920K), 10 survivors (10240K)
 Metaspace       used 34380K, capacity 35165K, committed 35376K, reserved 1081344K
  class space    used 3622K, capacity 3870K, committed 3968K, reserved 1048576K
}
Event: 9.565 GC heap after
{Heap after GC invocations=8 (full 0):
 garbage-first heap   total 177152K, used 30443K [0x0000000081c00000, 0x0000000100000000)
  region size 1024K, 5 young (5120K), 5 survivors (5120K)
 Metaspace       used 34380K, capacity 35165K, committed 35376K, reserved 1081344K
  class space    used 3622K, capacity 3870K, committed 3968K, reserved 1048576K
}

